SF:lib\src\features\authentication\data\fake_auth_repository.dart
DA:10,2
DA:14,6
DA:16,6
DA:18,2
DA:19,4
DA:20,2
DA:23,1
DA:25,2
DA:26,1
DA:29,1
DA:30,2
DA:33,3
DA:35,2
DA:36,6
DA:37,6
DA:43,0
DA:45,0
DA:46,0
DA:50,1
DA:52,2
DA:53,1
LF:21
LH:18
end_of_record
SF:lib\src\features\authentication\data\fake_auth_repository.g.dart
DA:9,0
DA:13,12
DA:24,1
DA:28,3
LF:4
LH:3
end_of_record
SF:lib\src\features\authentication\domain\app_user.dart
DA:4,3
DA:11,1
DA:12,3
DA:14,1
DA:18,6
DA:21,1
DA:22,5
LF:7
LH:7
end_of_record
SF:lib\src\utils\delay.dart
DA:1,3
DA:3,0
DA:5,3
LF:3
LH:2
end_of_record
SF:lib\src\utils\in_memory_store.dart
DA:6,4
DA:12,6
DA:15,6
DA:18,6
DA:21,3
LF:5
LH:5
end_of_record
SF:lib\src\features\cart\application\cart_service.dart
DA:15,1
DA:18,1
DA:19,4
DA:21,5
DA:23,4
DA:27,1
DA:28,4
DA:30,5
DA:32,4
DA:36,1
DA:37,1
DA:38,1
DA:39,1
DA:42,1
DA:43,1
DA:44,1
DA:45,1
DA:48,1
DA:49,1
DA:50,1
DA:51,1
DA:55,1
DA:57,1
LF:23
LH:23
end_of_record
SF:lib\src\features\cart\application\cart_service.g.dart
DA:9,1
DA:13,3
LF:2
LH:2
end_of_record
SF:lib\src\features\cart\data\local\local_cart_repository.dart
DA:13,3
DA:15,0
LF:2
LH:1
end_of_record
SF:lib\src\features\cart\data\remote\remote_cart_repository.dart
DA:14,3
DA:16,0
LF:2
LH:1
end_of_record
SF:lib\src\features\cart\domain\cart.dart
DA:11,12
DA:18,0
DA:19,0
DA:22,0
DA:23,0
DA:24,0
DA:28,0
DA:30,0
DA:31,0
DA:33,0
DA:34,0
DA:36,1
DA:40,3
DA:43,0
DA:44,0
DA:48,0
DA:49,0
DA:50,0
DA:51,0
DA:52,0
DA:54,0
LF:21
LH:3
end_of_record
SF:lib\src\features\cart\domain\item.dart
DA:5,12
LF:1
LH:1
end_of_record
SF:lib\src\features\cart\domain\mutable_cart.dart
DA:8,2
DA:9,4
DA:10,6
DA:11,2
DA:15,2
DA:16,4
DA:17,2
DA:18,2
DA:19,6
DA:20,2
DA:22,2
DA:27,1
DA:28,2
DA:29,2
DA:30,1
DA:31,1
DA:32,3
DA:33,2
DA:36,1
DA:40,2
DA:41,4
DA:42,2
DA:43,2
LF:23
LH:23
end_of_record
SF:lib\src\features\products\domain\product.dart
DA:7,5
DA:28,1
DA:30,9
DA:33,1
DA:37,0
DA:38,0
DA:39,0
DA:40,0
DA:41,0
DA:42,0
DA:43,0
DA:44,0
DA:47,1
DA:49,3
DA:50,3
DA:51,3
DA:52,3
DA:53,3
DA:54,3
DA:55,3
DA:56,2
LF:21
LH:13
end_of_record
SF:lib\src\features\cart\data\remote\fake_remote_cart_repository.dart
DA:7,0
DA:15,0
DA:17,0
DA:20,0
DA:22,0
DA:25,0
DA:27,0
DA:29,0
DA:31,0
DA:33,0
LF:10
LH:0
end_of_record
SF:lib\src\common_widgets\alert_dialogs.dart
DA:11,0
DA:18,0
DA:19,0
DA:21,0
DA:22,0
DA:23,0
DA:24,0
DA:26,0
DA:27,0
DA:28,0
DA:30,0
DA:32,0
DA:33,0
DA:39,0
DA:41,0
DA:42,0
DA:43,0
DA:44,0
DA:46,0
DA:47,0
DA:48,0
DA:50,0
DA:52,0
DA:53,0
DA:61,0
DA:66,0
DA:69,0
DA:70,0
DA:73,0
DA:74,0
DA:76,0
LF:31
LH:0
end_of_record
SF:lib\src\common_widgets\custom_text_button.dart
DA:6,1
DA:12,1
DA:14,1
DA:16,1
DA:17,1
DA:18,1
DA:19,1
DA:20,1
LF:8
LH:8
end_of_record
SF:lib\src\common_widgets\primary_button.dart
DA:11,1
DA:16,1
DA:18,1
DA:20,1
DA:21,1
DA:22,1
DA:24,1
DA:25,1
DA:27,1
DA:28,1
DA:29,1
DA:30,1
LF:12
LH:12
end_of_record
SF:lib\src\features\authentication\presentation\account\account_screen.dart
DA:14,7
DA:16,0
DA:18,0
DA:19,0
DA:21,0
DA:22,0
DA:23,0
DA:24,0
DA:26,0
DA:27,0
DA:28,0
DA:29,0
DA:30,0
DA:32,0
DA:33,0
DA:35,0
DA:36,0
DA:37,0
DA:39,0
DA:41,0
DA:42,0
DA:58,5
DA:60,0
DA:62,0
DA:63,0
DA:64,0
DA:65,0
DA:66,0
DA:67,0
DA:69,0
DA:70,0
DA:71,0
DA:76,0
DA:77,0
DA:78,0
DA:79,0
DA:80,0
LF:37
LH:2
end_of_record
SF:lib\src\features\authentication\presentation\sign_in\email_password_sign_in_form_type.dart
DA:7,1
DA:8,1
DA:9,0
DA:11,1
DA:16,1
DA:17,1
DA:18,0
DA:20,1
DA:24,1
DA:25,1
DA:26,0
DA:28,1
DA:32,0
DA:33,0
DA:40,0
DA:41,0
DA:42,0
DA:44,0
DA:48,0
DA:49,0
DA:50,0
DA:52,0
LF:22
LH:9
end_of_record
SF:lib\src\features\authentication\presentation\sign_in\email_password_sign_in_validators.dart
DA:13,1
DA:14,2
DA:17,1
DA:19,1
DA:20,0
DA:22,2
DA:25,1
DA:26,1
DA:27,1
DA:28,0
DA:29,1
DA:33,1
DA:35,1
DA:36,1
DA:37,0
DA:38,1
LF:16
LH:13
end_of_record
SF:lib\src\features\authentication\presentation\sign_in\email_password_sign_in_screen.dart
DA:16,5
DA:23,1
DA:25,1
DA:26,3
DA:27,2
DA:33,1
DA:39,1
DA:41,1
DA:52,3
DA:53,3
DA:56,3
DA:58,0
DA:60,0
DA:61,0
DA:62,0
DA:63,0
DA:66,1
DA:67,3
DA:68,3
DA:70,4
DA:71,1
DA:72,1
DA:73,1
DA:74,1
DA:77,2
DA:82,0
DA:83,0
DA:84,0
DA:88,0
DA:89,0
DA:90,0
DA:93,0
DA:96,0
DA:97,0
DA:98,0
DA:101,1
DA:103,2
DA:104,1
DA:105,2
DA:107,3
DA:108,1
DA:109,1
DA:110,1
DA:111,1
DA:112,1
DA:113,1
DA:115,1
DA:119,1
DA:121,1
DA:122,1
DA:123,1
DA:124,1
DA:125,1
DA:128,1
DA:129,2
DA:134,0
DA:135,1
DA:136,1
DA:137,1
DA:143,1
DA:145,1
DA:146,1
DA:147,2
DA:148,1
DA:151,2
DA:153,2
DA:158,0
DA:161,1
DA:162,2
DA:163,1
DA:164,3
DA:167,1
DA:168,2
DA:169,2
LF:74
LH:57
end_of_record
SF:lib\src\features\products\presentation\home_app_bar\more_menu_button.dart
DA:14,0
DA:22,0
DA:24,0
DA:27,0
DA:29,0
DA:30,0
DA:31,0
DA:34,0
DA:36,0
DA:39,0
DA:42,0
DA:43,0
DA:46,0
DA:50,0
DA:53,0
DA:54,0
DA:56,0
DA:57,0
DA:59,0
DA:60,0
LF:20
LH:0
end_of_record
SF:lib\src\app.dart
DA:7,2
DA:9,1
DA:11,2
DA:13,1
DA:17,2
DA:18,1
DA:26,1
DA:27,1
LF:8
LH:8
end_of_record
SF:lib\src\features\products\data\fake_products_repository.dart
DA:7,2
DA:12,1
DA:13,1
DA:16,1
DA:17,2
DA:20,1
DA:21,2
DA:22,2
DA:25,2
DA:26,4
DA:27,2
DA:30,1
DA:31,4
DA:34,1
DA:36,4
DA:43,3
DA:44,0
DA:47,0
DA:48,0
DA:49,0
DA:50,0
DA:53,2
DA:54,2
DA:55,2
DA:56,1
DA:59,0
DA:60,0
DA:61,0
DA:62,0
LF:29
LH:20
end_of_record
SF:lib\src\features\products\presentation\products_list\product_card.dart
DA:11,1
DA:18,1
DA:21,4
DA:22,1
DA:23,1
DA:25,1
DA:26,1
DA:28,1
DA:30,1
DA:31,3
DA:35,3
DA:36,3
DA:37,4
DA:39,2
DA:41,1
DA:42,1
DA:43,3
DA:44,1
DA:45,1
DA:46,3
DA:47,0
DA:48,4
DA:49,3
LF:23
LH:22
end_of_record
SF:lib\src\localization\string_hardcoded.dart
DA:4,1
LF:1
LH:1
end_of_record
SF:lib\src\routing\app_router.g.dart
DA:9,1
DA:13,3
LF:2
LH:2
end_of_record
SF:lib\src\routing\app_router.dart
DA:31,1
DA:33,2
DA:34,1
DA:36,2
DA:37,1
DA:38,2
DA:39,1
DA:41,1
DA:45,2
DA:51,1
DA:52,1
DA:54,1
DA:55,1
DA:56,1
DA:57,1
DA:59,1
DA:60,0
DA:61,0
DA:62,0
DA:64,1
DA:65,1
DA:67,1
DA:68,0
DA:69,0
DA:70,0
DA:71,0
DA:73,0
DA:79,1
DA:81,1
DA:82,0
DA:83,0
DA:87,1
DA:88,1
DA:90,1
DA:91,0
DA:92,0
DA:99,1
DA:101,1
DA:102,0
DA:103,0
DA:108,1
DA:110,1
DA:111,0
DA:112,0
DA:117,1
DA:119,1
DA:120,2
DA:121,1
DA:131,0
LF:49
LH:32
end_of_record
SF:lib\src\common_widgets\action_text_button.dart
DA:6,1
DA:9,1
DA:11,1
DA:13,1
DA:14,1
DA:15,2
DA:16,1
DA:17,1
DA:18,1
DA:19,1
LF:10
LH:10
end_of_record
SF:lib\src\common_widgets\async_value_widget.dart
DA:5,1
DA:10,1
DA:12,2
DA:13,1
DA:14,0
DA:15,1
LF:6
LH:5
end_of_record
SF:lib\src\common_widgets\custom_image.dart
DA:5,1
DA:8,1
DA:11,2
LF:3
LH:3
end_of_record
SF:lib\src\common_widgets\decorated_box_with_shadow.dart
DA:7,0
DA:10,0
DA:12,0
DA:23,0
DA:25,0
LF:5
LH:0
end_of_record
SF:lib\src\common_widgets\empty_placeholder_widget.dart
DA:10,0
DA:13,0
DA:15,0
DA:17,0
DA:18,0
DA:21,0
DA:22,0
DA:23,0
DA:24,0
DA:28,0
DA:29,0
DA:30,0
LF:12
LH:0
end_of_record
SF:lib\src\common_widgets\item_quantity_selector.dart
DA:6,0
DA:19,0
DA:20,0
DA:21,0
DA:22,0
DA:23,0
DA:24,0
DA:26,0
DA:28,0
DA:29,0
DA:30,0
DA:36,0
DA:39,0
DA:40,0
DA:41,0
DA:43,0
DA:44,0
DA:47,0
DA:49,0
DA:50,0
DA:51,0
DA:53,0
DA:56,0
DA:57,0
DA:59,0
DA:60,0
LF:26
LH:0
end_of_record
SF:lib\src\common_widgets\responsive_center.dart
DA:10,6
DA:20,1
DA:23,1
DA:27,1
DA:28,1
DA:29,1
DA:30,1
DA:31,1
DA:40,5
DA:49,1
DA:51,1
DA:52,1
DA:53,1
DA:54,1
DA:55,1
LF:15
LH:15
end_of_record
SF:lib\src\common_widgets\responsive_scrollable_card.dart
DA:9,1
DA:11,1
DA:13,1
DA:14,1
DA:16,1
DA:18,1
DA:19,1
DA:21,1
LF:8
LH:8
end_of_record
SF:lib\src\common_widgets\responsive_two_column_layout.dart
DA:7,0
DA:31,0
DA:33,0
DA:34,0
DA:35,0
DA:36,0
DA:37,0
DA:38,0
DA:39,0
DA:40,0
DA:41,0
DA:45,0
DA:46,0
DA:47,0
DA:48,0
DA:49,0
DA:50,0
DA:51,0
LF:18
LH:0
end_of_record
SF:lib\src\utils\async_value_ui.dart
DA:8,1
DA:9,2
DA:10,0
DA:12,0
DA:13,0
LF:5
LH:2
end_of_record
SF:lib\src\features\authentication\presentation\account\account_screen_controller.dart
DA:10,1
DA:13,1
DA:14,1
DA:15,2
DA:16,5
LF:5
LH:5
end_of_record
SF:lib\src\features\authentication\presentation\account\account_screen_controller.g.dart
DA:9,1
DA:14,2
DA:15,1
LF:3
LH:3
end_of_record
SF:lib\src\features\authentication\presentation\sign_in\email_password_sign_in_controller.dart
DA:11,2
DA:14,2
DA:19,2
DA:20,2
DA:21,6
DA:22,6
DA:25,2
DA:27,6
DA:29,2
DA:30,2
DA:32,1
DA:33,1
LF:12
LH:12
end_of_record
SF:lib\src\features\authentication\presentation\sign_in\email_password_sign_in_controller.g.dart
DA:9,2
DA:14,6
LF:2
LH:2
end_of_record
SF:lib\src\features\authentication\presentation\sign_in\string_validators.dart
DA:10,1
DA:13,1
DA:16,2
DA:17,1
DA:18,2
DA:19,5
DA:25,0
DA:32,1
DA:35,1
DA:38,3
DA:39,3
DA:48,2
DA:52,2
DA:56,1
DA:58,1
DA:63,1
DA:66,0
DA:68,0
LF:18
LH:15
end_of_record
SF:lib\src\features\cart\presentation\add_to_cart\add_to_cart_widget.dart
DA:14,0
DA:17,0
DA:21,0
DA:23,0
DA:24,0
DA:27,0
DA:28,0
DA:29,0
DA:34,0
DA:36,0
DA:37,0
DA:45,0
DA:49,0
DA:50,0
DA:52,0
DA:53,0
DA:54,0
DA:56,0
DA:58,0
DA:59,0
DA:60,0
LF:21
LH:0
end_of_record
SF:lib\src\features\cart\presentation\cart_total\cart_total_text.dart
DA:6,5
DA:8,0
DA:13,0
DA:14,0
DA:15,0
DA:16,0
LF:6
LH:1
end_of_record
SF:lib\src\utils\currency_formatter.dart
DA:4,3
LF:1
LH:1
end_of_record
SF:lib\src\features\cart\presentation\cart_total\cart_total_with_cta.dart
DA:7,0
DA:10,0
DA:12,0
DA:14,0
DA:17,0
LF:5
LH:0
end_of_record
SF:lib\src\features\cart\presentation\shopping_cart\shopping_cart_item.dart
DA:19,0
DA:33,0
DA:35,0
DA:37,0
DA:39,0
DA:41,0
DA:42,0
DA:44,0
DA:46,0
DA:47,0
DA:48,0
DA:59,0
DA:72,0
DA:74,0
DA:78,0
DA:79,0
DA:83,0
DA:85,0
DA:87,0
DA:88,0
DA:89,0
DA:91,0
DA:92,0
DA:94,0
DA:96,0
DA:98,0
DA:99,0
DA:100,0
DA:101,0
DA:102,0
DA:104,0
DA:105,0
DA:108,0
DA:109,0
DA:110,0
DA:112,0
DA:113,0
DA:120,0
DA:122,0
DA:123,0
LF:40
LH:0
end_of_record
SF:lib\src\features\cart\presentation\shopping_cart\shopping_cart_items_builder.dart
DA:13,0
DA:23,0
DA:26,0
DA:27,0
DA:28,0
DA:34,0
DA:37,0
DA:38,0
DA:40,0
DA:41,0
DA:42,0
DA:45,0
DA:47,0
DA:48,0
DA:49,0
DA:51,0
DA:55,0
DA:58,0
DA:60,0
DA:69,0
DA:70,0
DA:71,0
DA:72,0
DA:74,0
DA:75,0
DA:76,0
DA:78,0
DA:81,0
DA:82,0
LF:29
LH:0
end_of_record
SF:lib\src\features\cart\presentation\shopping_cart\shopping_cart_screen.dart
DA:13,5
DA:15,0
DA:32,0
DA:33,0
DA:34,0
DA:36,0
DA:38,0
DA:42,0
DA:43,0
DA:44,0
LF:10
LH:1
end_of_record
SF:lib\src\features\checkout\presentation\checkout_screen\checkout_screen.dart
DA:20,5
DA:22,0
DA:23,0
DA:31,0
DA:33,0
DA:34,0
DA:37,0
DA:38,0
DA:40,0
DA:41,0
DA:47,0
DA:50,0
DA:51,0
DA:52,0
DA:56,0
DA:57,0
DA:58,0
DA:61,0
DA:62,0
DA:63,0
DA:65,0
LF:21
LH:1
end_of_record
SF:lib\src\features\checkout\presentation\payment\payment_page.dart
DA:10,5
DA:12,0
DA:31,0
DA:33,0
DA:38,0
LF:5
LH:1
end_of_record
SF:lib\src\features\checkout\presentation\payment\payment_button.dart
DA:8,5
DA:10,0
DA:12,0
DA:15,0
DA:19,0
DA:20,0
DA:22,0
LF:7
LH:1
end_of_record
SF:lib\src\features\orders\domain\order.dart
DA:8,0
DA:9,0
DA:10,0
DA:11,0
DA:12,0
DA:21,0
LF:6
LH:0
end_of_record
SF:lib\src\features\orders\domain\purchase.dart
DA:6,0
LF:1
LH:0
end_of_record
SF:lib\src\features\orders\presentation\orders_list\order_card.dart
DA:13,0
DA:16,0
DA:18,0
DA:20,0
DA:21,0
DA:24,0
DA:25,0
DA:26,0
DA:28,0
DA:39,0
DA:42,0
DA:45,0
DA:47,0
DA:48,0
DA:49,0
DA:51,0
DA:52,0
DA:53,0
DA:55,0
DA:56,0
DA:58,0
DA:59,0
DA:60,0
DA:61,0
DA:64,0
DA:67,0
DA:69,0
DA:70,0
DA:71,0
DA:73,0
DA:76,0
DA:89,0
DA:92,0
DA:94,0
DA:96,0
DA:97,0
DA:99,0
DA:101,0
DA:102,0
DA:103,0
LF:40
LH:0
end_of_record
SF:lib\src\features\orders\presentation\orders_list\order_item_list_tile.dart
DA:13,0
DA:16,0
DA:18,0
DA:20,0
DA:22,0
DA:24,0
DA:25,0
DA:26,0
DA:28,0
DA:31,0
DA:33,0
DA:35,0
DA:36,0
DA:38,0
DA:39,0
DA:40,0
LF:16
LH:0
end_of_record
SF:lib\src\features\orders\presentation\orders_list\order_status_label.dart
DA:7,0
DA:10,0
DA:12,0
DA:13,0
DA:14,0
DA:15,0
DA:16,0
DA:19,0
DA:20,0
DA:21,0
DA:24,0
DA:25,0
DA:26,0
DA:27,0
LF:14
LH:0
end_of_record
SF:lib\src\utils\date_formatter.dart
DA:4,0
LF:1
LH:0
end_of_record
SF:lib\src\features\orders\presentation\orders_list\orders_list_screen.dart
DA:10,5
DA:12,0
DA:15,0
DA:16,0
DA:19,0
DA:25,0
DA:29,0
DA:30,0
DA:31,0
DA:33,0
DA:34,0
DA:35,0
DA:36,0
DA:37,0
DA:41,0
DA:42,0
DA:43,0
DA:44,0
DA:45,0
DA:47,0
DA:48,0
DA:51,0
LF:22
LH:1
end_of_record
SF:lib\src\features\products\presentation\home_app_bar\home_app_bar.dart
DA:19,10
DA:21,1
DA:23,3
DA:31,3
DA:32,1
DA:33,0
DA:34,0
DA:35,0
DA:37,0
DA:41,1
DA:42,2
DA:43,1
DA:45,1
DA:46,1
DA:48,1
DA:49,0
DA:51,1
DA:53,1
DA:54,0
DA:57,1
DA:59,1
DA:60,3
DA:67,1
LF:23
LH:17
end_of_record
SF:lib\src\features\products\presentation\home_app_bar\shopping_cart_icon.dart
DA:8,5
DA:13,1
DA:17,1
DA:18,1
DA:19,1
DA:20,1
DA:23,0
DA:26,1
DA:27,1
DA:39,5
DA:42,1
DA:44,1
DA:47,1
DA:52,1
DA:53,2
DA:59,1
DA:60,1
DA:61,1
DA:62,1
LF:19
LH:18
end_of_record
SF:lib\src\features\products\presentation\product_screen\leave_review_action.dart
DA:14,0
DA:17,0
DA:20,0
DA:25,0
DA:26,0
DA:27,0
DA:30,0
DA:38,0
DA:39,0
DA:40,0
DA:41,0
DA:42,0
DA:43,0
DA:44,0
DA:45,0
DA:46,0
DA:47,0
LF:17
LH:0
end_of_record
SF:lib\src\features\products\presentation\product_screen\product_average_rating.dart
DA:7,1
DA:10,1
DA:12,1
DA:13,1
DA:19,1
DA:20,3
DA:21,3
DA:24,1
DA:25,1
DA:26,3
DA:28,3
DA:29,3
LF:12
LH:12
end_of_record
SF:lib\src\features\products\presentation\product_screen\product_screen.dart
DA:21,0
DA:24,0
DA:26,0
DA:28,0
DA:29,0
DA:30,0
DA:32,0
DA:34,0
DA:35,0
DA:36,0
DA:37,0
DA:38,0
DA:40,0
DA:42,0
DA:56,0
DA:59,0
DA:61,0
DA:62,0
DA:63,0
DA:64,0
DA:66,0
DA:70,0
DA:71,0
DA:73,0
DA:75,0
DA:76,0
DA:77,0
DA:79,0
DA:81,0
DA:83,0
DA:85,0
DA:86,0
DA:87,0
DA:88,0
DA:89,0
DA:90,0
DA:91,0
DA:92,0
DA:93,0
DA:94,0
LF:40
LH:0
end_of_record
SF:lib\src\features\reviews\presentation\product_reviews\product_reviews_list.dart
DA:10,0
DA:12,0
DA:15,0
DA:16,0
DA:17,0
DA:21,0
DA:22,0
DA:27,0
DA:28,0
DA:29,0
DA:33,0
DA:35,0
LF:12
LH:0
end_of_record
SF:lib\src\features\products\presentation\products_list\products_grid.dart
DA:17,5
DA:19,1
DA:21,2
DA:22,1
DA:24,2
DA:25,0
DA:26,0
DA:27,0
DA:28,0
DA:31,1
DA:32,1
DA:33,1
DA:34,1
DA:35,1
DA:37,0
DA:38,0
DA:39,0
DA:51,1
DA:63,1
DA:66,2
DA:67,1
DA:70,2
DA:73,3
DA:74,3
DA:76,2
DA:78,1
DA:83,1
DA:85,6
LF:28
LH:21
end_of_record
SF:lib\src\features\products\presentation\products_list\products_list_screen.dart
DA:10,5
DA:12,1
DA:13,1
DA:23,1
DA:25,1
DA:26,3
DA:29,0
DA:31,0
DA:32,0
DA:37,0
DA:38,0
DA:39,0
DA:43,1
DA:45,1
DA:47,1
DA:48,1
LF:16
LH:10
end_of_record
SF:lib\src\features\products\presentation\products_list\products_search_text_field.dart
DA:6,5
DA:8,1
DA:10,1
DA:16,0
DA:19,0
DA:20,0
DA:23,1
DA:28,1
DA:29,1
DA:30,1
DA:31,1
DA:32,1
DA:34,3
DA:35,1
DA:36,1
DA:38,2
DA:39,0
DA:40,0
DA:41,0
LF:19
LH:13
end_of_record
SF:lib\src\features\reviews\domain\review.dart
DA:3,0
LF:1
LH:0
end_of_record
SF:lib\src\features\reviews\presentation\leave_review_screen\leave_review_screen.dart
DA:12,0
DA:15,0
DA:19,0
DA:20,0
DA:21,0
DA:23,0
DA:26,0
DA:33,0
DA:40,0
DA:41,0
DA:49,0
DA:51,0
DA:52,0
DA:54,0
DA:55,0
DA:59,0
DA:62,0
DA:63,0
DA:66,0
DA:67,0
DA:78,0
DA:80,0
DA:82,0
DA:83,0
DA:84,0
DA:85,0
DA:90,0
DA:91,0
DA:92,0
DA:93,0
DA:96,0
DA:97,0
DA:99,0
DA:102,0
DA:103,0
DA:107,0
DA:108,0
DA:109,0
DA:112,0
LF:39
LH:0
end_of_record
SF:lib\src\features\reviews\presentation\product_reviews\product_rating_bar.dart
DA:6,0
DA:27,0
DA:29,0
DA:31,0
DA:32,0
DA:33,0
DA:36,0
DA:37,0
DA:40,0
DA:43,0
LF:10
LH:0
end_of_record
SF:lib\src\features\reviews\presentation\product_reviews\product_review_card.dart
DA:10,0
DA:12,0
DA:15,0
DA:16,0
DA:17,0
DA:19,0
DA:21,0
DA:22,0
DA:24,0
DA:25,0
DA:26,0
DA:30,0
DA:31,0
DA:34,0
DA:35,0
DA:38,0
DA:40,0
DA:41,0
DA:42,0
LF:19
LH:0
end_of_record
SF:lib\src\routing\go_router_refresh_stream.dart
DA:7,1
DA:8,1
DA:9,3
DA:10,2
DA:16,0
DA:18,0
DA:19,0
LF:7
LH:4
end_of_record
SF:lib\src\routing\not_found_screen.dart
DA:7,5
DA:9,0
DA:11,0
DA:12,0
DA:13,0
DA:14,0
LF:6
LH:1
end_of_record
