SF:lib\src\features\authentication\data\fake_auth_repository.dart
DA:8,1
DA:12,3
DA:14,3
DA:16,1
DA:17,2
DA:18,1
DA:21,1
DA:23,2
DA:24,1
DA:27,1
DA:28,2
DA:31,3
DA:33,1
DA:34,3
DA:35,3
DA:41,3
DA:42,0
DA:43,0
DA:47,0
DA:48,0
DA:49,0
LF:21
LH:16
end_of_record
SF:lib\src\features\authentication\domain\app_user.dart
DA:4,1
DA:11,1
DA:12,3
DA:14,1
DA:18,6
DA:21,1
DA:22,5
LF:7
LH:7
end_of_record
SF:lib\src\features\products\domain\product.dart
DA:7,3
DA:28,1
DA:30,9
DA:33,1
DA:37,0
DA:38,0
DA:39,0
DA:40,0
DA:41,0
DA:42,0
DA:43,0
DA:44,0
DA:47,1
DA:49,3
DA:50,3
DA:51,3
DA:52,3
DA:53,3
DA:54,3
DA:55,3
DA:56,2
LF:21
LH:13
end_of_record
SF:lib\src\features\products\data\fake_products_repository.dart
DA:7,1
DA:12,1
DA:13,1
DA:16,1
DA:17,2
DA:20,1
DA:21,2
DA:22,2
DA:25,1
DA:26,2
DA:27,1
DA:30,1
DA:31,4
DA:34,1
DA:36,4
DA:43,0
DA:44,0
DA:47,0
DA:48,0
DA:49,0
DA:50,0
DA:53,0
DA:54,0
DA:55,0
DA:56,0
DA:59,0
DA:60,0
DA:61,0
DA:62,0
LF:29
LH:15
end_of_record
SF:lib\src\utils\delay.dart
DA:1,2
DA:3,0
DA:5,2
LF:3
LH:2
end_of_record
SF:lib\src\utils\in_memory_store.dart
DA:6,2
DA:12,3
DA:15,3
DA:18,3
DA:21,3
LF:5
LH:5
end_of_record
SF:lib\src\features\authentication\presentation\account\account_screen_controller.dart
DA:7,1
DA:10,1
DA:11,1
DA:12,2
DA:13,5
DA:17,2
DA:18,1
LF:7
LH:7
end_of_record
